<?xml version="1.0" encoding="UTF-8"?>
<testsuites name="TestSuite1" time="31.693" tests="2" failures="0" errors="0">
   <testsuite name="TestSuite1" tests="2" failures="0" errors="0" time="31.693" skipped="0" timestamp="2021-07-13 13:22:59" hostname="a815318 - DESKTOP-TNNDG9H" id="Test Suites/TestSuite1">
      <properties>
         <property name="deviceName" value=""/>
         <property name="devicePlatform" value=""/>
         <property name="logFolder" value="C:\\Users\\a815318\\git\\KatalonGitTest\\Reports\\20210713_132252\\TestSuite1\\20210713_132254"/>
         <property name="logFiles" value="C:\\Users\\a815318\\git\\KatalonGitTest\\Reports\\20210713_132252\\TestSuite1\\20210713_132254\\execution0.log"/>
         <property name="attachments" value=""/>
         <property name="hostName" value="a815318 - DESKTOP-TNNDG9H"/>
         <property name="os" value="Windows 10 64bit"/>
         <property name="katalonVersion" value="8.0.5.208"/>
         <property name="browser" value="Chrome 91.0.4472.124"/>
         <property name="hostAddress" value="192.168.1.13"/>
         <property name="sessionId" value="189a05af4eb59f82c3ad8d2a5e3cbdef"/>
         <property name="seleniumVersion" value="3.141.59"/>
         <property name="proxyInformation" value="ProxyInformation { proxyOption=NO_PROXY, proxyServerType=HTTP, username=, password=********, proxyServerAddress=, proxyServerPort=0, executionList=&quot;&quot;, isApplyToDesiredCapabilities=true }"/>
         <property name="platform" value="Windows 10"/>
      </properties>
      <testcase name="Test Cases/Test 1 by Tom" time="16.693" classname="Test Cases/Test 1 by Tom" status="PASSED">
         <system-out><![CDATA[2021-07-13 13:23:00 - [TEST_CASE][PASSED] - Test Cases/Test 1 by Tom: Test Cases/Test 1 by Tom

2021-07-13 13:23:00 - [TEST_STEP][PASSED] - openBrowser(""): Browser is opened with url: ''

2021-07-13 13:23:01 - [MESSAGE][INFO] - Starting 'Chrome' driver

2021-07-13 13:23:01 - [MESSAGE][INFO] - Action delay is set to 0 milliseconds

2021-07-13 13:23:04 - [MESSAGE][PASSED] - Browser is opened with url: ''

2021-07-13 13:23:04 - [TEST_STEP][PASSED] - navigateToUrl("https://comptatest.odoo.com/web/login"): Navigate to 'https://comptatest.odoo.com/web/login' successfully

2021-07-13 13:23:10 - [MESSAGE][PASSED] - Navigate to 'https://comptatest.odoo.com/web/login' successfully

2021-07-13 13:23:10 - [TEST_STEP][PASSED] - setText(findTestObject("Object Repository/Page_Odoo/input_Email_login"), "djibrildiouf701@gmail.com"): Text 'djibrildiouf701@gmail.com' is set on object 'Object Repository/Page_Odoo/input_Email_login'

2021-07-13 13:23:12 - [MESSAGE][PASSED] - Text 'djibrildiouf701@gmail.com' is set on object 'Object Repository/Page_Odoo/input_Email_login'

2021-07-13 13:23:12 - [TEST_STEP][PASSED] - setEncryptedText(findTestObject("Object Repository/Page_Odoo/input_Mot de passe_password"), "ESS0v/OuQa+DMSYX2A5JYA=="): Text ****** has been set on object 'Object Repository/Page_Odoo/input_Mot de passe_password'

2021-07-13 13:23:12 - [MESSAGE][PASSED] - Text ****** has been set on object 'Object Repository/Page_Odoo/input_Mot de passe_password'

2021-07-13 13:23:12 - [TEST_STEP][PASSED] - click(findTestObject("Object Repository/Page_Odoo/button_Connexion")): Object: 'Object Repository/Page_Odoo/button_Connexion' is clicked on

2021-07-13 13:23:16 - [MESSAGE][PASSED] - Object: 'Object Repository/Page_Odoo/button_Connexion' is clicked on

2021-07-13 13:23:16 - [TEST_STEP][PASSED] - closeBrowser(): Browser is closed

2021-07-13 13:23:17 - [MESSAGE][PASSED] - Browser is closed]]></system-out>
         <system-err><![CDATA[]]></system-err>
      </testcase>
      <testcase name="Test Cases/Test 2 by Kim" time="13.42" classname="Test Cases/Test 2 by Kim" status="PASSED">
         <system-out><![CDATA[2021-07-13 13:23:17 - [TEST_CASE][PASSED] - Test Cases/Test 2 by Kim: Test Cases/Test 2 by Kim

2021-07-13 13:23:17 - [TEST_STEP][PASSED] - openBrowser(""): Browser is opened with url: ''

2021-07-13 13:23:17 - [MESSAGE][INFO] - Starting 'Chrome' driver

2021-07-13 13:23:17 - [MESSAGE][INFO] - Action delay is set to 0 milliseconds

2021-07-13 13:23:19 - [MESSAGE][PASSED] - Browser is opened with url: ''

2021-07-13 13:23:19 - [TEST_STEP][PASSED] - navigateToUrl("https://docs.katalon.com/katalon-studio/docs/overview.html"): Navigate to 'https://docs.katalon.com/katalon-studio/docs/overview.html' successfully

2021-07-13 13:23:27 - [MESSAGE][PASSED] - Navigate to 'https://docs.katalon.com/katalon-studio/docs/overview.html' successfully

2021-07-13 13:23:27 - [TEST_STEP][PASSED] - closeBrowser(): Browser is closed

2021-07-13 13:23:30 - [MESSAGE][PASSED] - Browser is closed]]></system-out>
         <system-err><![CDATA[]]></system-err>
      </testcase>
      <system-out><![CDATA[2021-07-13 13:22:59 - [TEST_SUITE][PASSED] - TestSuite1: Test Cases/Test 2 by Kim]]></system-out>
      <system-err><![CDATA[]]></system-err>
   </testsuite>
</testsuites>
