<?xml version="1.0" encoding="UTF-8"?>
<testsuites name="TestSuite1" time="33.864" tests="2" failures="0" errors="0">
   <testsuite name="TestSuite1" tests="2" failures="0" errors="0" time="33.864" skipped="0" timestamp="2021-07-13 14:33:14" hostname="a815318 - DESKTOP-TNNDG9H" id="Test Suites/TestSuite1">
      <properties>
         <property name="deviceName" value=""/>
         <property name="devicePlatform" value=""/>
         <property name="logFolder" value="C:\\Users\\a815318\\git\\KatalonGitTest\\Reports\\20210713_143307\\TestSuite1\\20210713_143309"/>
         <property name="logFiles" value="C:\\Users\\a815318\\git\\KatalonGitTest\\Reports\\20210713_143307\\TestSuite1\\20210713_143309\\execution0.log"/>
         <property name="attachments" value=""/>
         <property name="hostName" value="a815318 - DESKTOP-TNNDG9H"/>
         <property name="os" value="Windows 10 64bit"/>
         <property name="katalonVersion" value="8.0.5.208"/>
         <property name="browser" value="Chrome 91.0.4472.124"/>
         <property name="hostAddress" value="192.168.1.13"/>
         <property name="sessionId" value="9396462e3b7f63f3f1ec3cac23d0c18b"/>
         <property name="seleniumVersion" value="3.141.59"/>
         <property name="proxyInformation" value="ProxyInformation { proxyOption=NO_PROXY, proxyServerType=HTTP, username=, password=********, proxyServerAddress=, proxyServerPort=0, executionList=&quot;&quot;, isApplyToDesiredCapabilities=true }"/>
         <property name="platform" value="Windows 10"/>
      </properties>
      <testcase name="Test Cases/Test 1 by Tom" time="22.458" classname="Test Cases/Test 1 by Tom" status="PASSED">
         <system-out><![CDATA[2021-07-13 14:33:14 - [TEST_CASE][PASSED] - Test Cases/Test 1 by Tom: Test Cases/Test 1 by Tom

2021-07-13 14:33:15 - [TEST_STEP][PASSED] - openBrowser(""): Browser is opened with url: ''

2021-07-13 14:33:15 - [MESSAGE][INFO] - Starting 'Chrome' driver

2021-07-13 14:33:15 - [MESSAGE][INFO] - Action delay is set to 0 milliseconds

2021-07-13 14:33:19 - [MESSAGE][PASSED] - Browser is opened with url: ''

2021-07-13 14:33:19 - [TEST_STEP][PASSED] - navigateToUrl("https://comptatest.odoo.com/web/login"): Navigate to 'https://comptatest.odoo.com/web/login' successfully

2021-07-13 14:33:24 - [MESSAGE][PASSED] - Navigate to 'https://comptatest.odoo.com/web/login' successfully

2021-07-13 14:33:24 - [TEST_STEP][PASSED] - setText(findTestObject("Object Repository/Page_Odoo/input_Email_login"), "djibrildiouf701@gmail.com"): Text 'djibrildiouf701@gmail.com' is set on object 'Object Repository/Page_Odoo/input_Email_login'

2021-07-13 14:33:25 - [MESSAGE][PASSED] - Text 'djibrildiouf701@gmail.com' is set on object 'Object Repository/Page_Odoo/input_Email_login'

2021-07-13 14:33:25 - [TEST_STEP][PASSED] - setEncryptedText(findTestObject("Object Repository/Page_Odoo/input_Mot de passe_password"), "ESS0v/OuQa+DMSYX2A5JYA=="): Text ****** has been set on object 'Object Repository/Page_Odoo/input_Mot de passe_password'

2021-07-13 14:33:26 - [MESSAGE][PASSED] - Text ****** has been set on object 'Object Repository/Page_Odoo/input_Mot de passe_password'

2021-07-13 14:33:26 - [TEST_STEP][PASSED] - click(findTestObject("Object Repository/Page_Odoo/button_Connexion")): Object: 'Object Repository/Page_Odoo/button_Connexion' is clicked on

2021-07-13 14:33:36 - [MESSAGE][PASSED] - Object: 'Object Repository/Page_Odoo/button_Connexion' is clicked on

2021-07-13 14:33:36 - [TEST_STEP][PASSED] - closeBrowser(): Browser is closed

2021-07-13 14:33:37 - [MESSAGE][PASSED] - Browser is closed]]></system-out>
         <system-err><![CDATA[]]></system-err>
      </testcase>
      <testcase name="Test Cases/Test 2 by Kim" time="9.607" classname="Test Cases/Test 2 by Kim" status="PASSED">
         <system-out><![CDATA[2021-07-13 14:33:37 - [TEST_CASE][PASSED] - Test Cases/Test 2 by Kim: Test Cases/Test 2 by Kim

2021-07-13 14:33:37 - [TEST_STEP][PASSED] - openBrowser(""): Browser is opened with url: ''

2021-07-13 14:33:37 - [MESSAGE][INFO] - Starting 'Chrome' driver

2021-07-13 14:33:37 - [MESSAGE][INFO] - Action delay is set to 0 milliseconds

2021-07-13 14:33:39 - [MESSAGE][PASSED] - Browser is opened with url: ''

2021-07-13 14:33:39 - [TEST_STEP][PASSED] - navigateToUrl("https://docs.katalon.com/katalon-studio/docs/overview.html"): Navigate to 'https://docs.katalon.com/katalon-studio/docs/overview.html' successfully

2021-07-13 14:33:45 - [MESSAGE][PASSED] - Navigate to 'https://docs.katalon.com/katalon-studio/docs/overview.html' successfully

2021-07-13 14:33:45 - [TEST_STEP][PASSED] - closeBrowser(): Browser is closed

2021-07-13 14:33:46 - [MESSAGE][PASSED] - Browser is closed]]></system-out>
         <system-err><![CDATA[]]></system-err>
      </testcase>
      <system-out><![CDATA[2021-07-13 14:33:14 - [TEST_SUITE][PASSED] - TestSuite1: Test Cases/Test 2 by Kim]]></system-out>
      <system-err><![CDATA[]]></system-err>
   </testsuite>
</testsuites>
