<?xml version="1.0" encoding="UTF-8"?>
<testsuites name="TestSuite1" time="1.394" tests="0" failures="0" errors="0">
   <testsuite name="TestSuite1" tests="0" failures="0" errors="0" time="1.394" skipped="0" timestamp="2021-07-12 12:57:47" hostname="a815318 - DESKTOP-TNNDG9H" id="Test Suites/TestSuite1">
      <properties>
         <property name="deviceName" value=""/>
         <property name="devicePlatform" value=""/>
         <property name="logFolder" value="C:\\Users\\a815318\\git\\KatalonGitTest\\Reports\\20210712_125737\\TestSuite1\\20210712_125740"/>
         <property name="logFiles" value="C:\\Users\\a815318\\git\\KatalonGitTest\\Reports\\20210712_125737\\TestSuite1\\20210712_125740\\execution0.log"/>
         <property name="attachments" value=""/>
         <property name="hostName" value="a815318 - DESKTOP-TNNDG9H"/>
         <property name="hostAddress" value="192.168.1.13"/>
         <property name="os" value="Windows 10 64bit"/>
         <property name="katalonVersion" value="8.0.5.208"/>
      </properties>
      <system-out><![CDATA[2021-07-12 12:57:47 - [TEST_SUITE][PASSED] - TestSuite1: null]]></system-out>
      <system-err><![CDATA[]]></system-err>
   </testsuite>
</testsuites>
